::ffff:127.0.0.1 - - [11/Oct/2018:23:01:00 +0000] "GET / HTTP/1.1" 200 3637 "-" "Mozilla/5.0 (Windows NT 10.0; Win64; x64) AppleWebKit/537.36 (KHTML, like Gecko) Chrome/69.0.3497.100 Safari/537.36"
::ffff:127.0.0.1 - - [11/Oct/2018:23:01:00 +0000] "GET /css/Grey-paper.png HTTP/1.1" 404 157 "http://127.0.0.1:8081/css/dristi.css" "Mozilla/5.0 (Windows NT 10.0; Win64; x64) AppleWebKit/537.36 (KHTML, like Gecko) Chrome/69.0.3497.100 Safari/537.36"
::ffff:127.0.0.1 - - [11/Oct/2018:23:01:00 +0000] "GET /favicon.ico HTTP/1.1" 404 150 "http://127.0.0.1:8081/" "Mozilla/5.0 (Windows NT 10.0; Win64; x64) AppleWebKit/537.36 (KHTML, like Gecko) Chrome/69.0.3497.100 Safari/537.36"
::ffff:127.0.0.1 - - [11/Oct/2018:23:03:06 +0000] "GET / HTTP/1.1" 304 - "-" "Mozilla/5.0 (Windows NT 10.0; Win64; x64) AppleWebKit/537.36 (KHTML, like Gecko) Chrome/69.0.3497.100 Safari/537.36"
::ffff:127.0.0.1 - - [11/Oct/2018:23:03:07 +0000] "GET /css/Grey-paper.png HTTP/1.1" 404 157 "http://127.0.0.1:8081/css/dristi.css" "Mozilla/5.0 (Windows NT 10.0; Win64; x64) AppleWebKit/537.36 (KHTML, like Gecko) Chrome/69.0.3497.100 Safari/537.36"
::ffff:127.0.0.1 - - [11/Oct/2018:23:04:04 +0000] "GET / HTTP/1.1" 304 - "-" "Mozilla/5.0 (Windows NT 10.0; Win64; x64) AppleWebKit/537.36 (KHTML, like Gecko) Chrome/69.0.3497.100 Safari/537.36"
::ffff:127.0.0.1 - - [11/Oct/2018:23:04:04 +0000] "GET /css/Grey-paper.png HTTP/1.1" 404 157 "http://127.0.0.1:8081/css/dristi.css" "Mozilla/5.0 (Windows NT 10.0; Win64; x64) AppleWebKit/537.36 (KHTML, like Gecko) Chrome/69.0.3497.100 Safari/537.36"
::ffff:127.0.0.1 - - [11/Oct/2018:23:08:19 +0000] "GET / HTTP/1.1" 200 3645 "-" "Mozilla/5.0 (Windows NT 10.0; Win64; x64) AppleWebKit/537.36 (KHTML, like Gecko) Chrome/69.0.3497.100 Safari/537.36"
::ffff:127.0.0.1 - - [11/Oct/2018:23:08:19 +0000] "GET /public/images/Dristi.JPG HTTP/1.1" 404 163 "http://127.0.0.1:8081/" "Mozilla/5.0 (Windows NT 10.0; Win64; x64) AppleWebKit/537.36 (KHTML, like Gecko) Chrome/69.0.3497.100 Safari/537.36"
::ffff:127.0.0.1 - - [11/Oct/2018:23:08:19 +0000] "GET /css/Grey-paper.png HTTP/1.1" 404 157 "http://127.0.0.1:8081/css/dristi.css" "Mozilla/5.0 (Windows NT 10.0; Win64; x64) AppleWebKit/537.36 (KHTML, like Gecko) Chrome/69.0.3497.100 Safari/537.36"
::ffff:127.0.0.1 - - [11/Oct/2018:23:09:13 +0000] "GET / HTTP/1.1" 200 3638 "-" "Mozilla/5.0 (Windows NT 10.0; Win64; x64) AppleWebKit/537.36 (KHTML, like Gecko) Chrome/69.0.3497.100 Safari/537.36"
::ffff:127.0.0.1 - - [11/Oct/2018:23:09:13 +0000] "GET /css/Grey-paper.png HTTP/1.1" 404 157 "http://127.0.0.1:8081/css/dristi.css" "Mozilla/5.0 (Windows NT 10.0; Win64; x64) AppleWebKit/537.36 (KHTML, like Gecko) Chrome/69.0.3497.100 Safari/537.36"
::ffff:127.0.0.1 - - [11/Oct/2018:23:10:34 +0000] "GET / HTTP/1.1" 304 - "-" "Mozilla/5.0 (Windows NT 10.0; Win64; x64) AppleWebKit/537.36 (KHTML, like Gecko) Chrome/69.0.3497.100 Safari/537.36"
::ffff:127.0.0.1 - - [11/Oct/2018:23:10:35 +0000] "GET /css/images/Grey-paper.png HTTP/1.1" 404 164 "http://127.0.0.1:8081/css/dristi.css" "Mozilla/5.0 (Windows NT 10.0; Win64; x64) AppleWebKit/537.36 (KHTML, like Gecko) Chrome/69.0.3497.100 Safari/537.36"
::1 - - [11/Oct/2018:23:10:54 +0000] "GET / HTTP/1.1" 200 3638 "-" "Mozilla/5.0 (Windows NT 10.0; Win64; x64) AppleWebKit/537.36 (KHTML, like Gecko) Chrome/69.0.3497.100 Safari/537.36"
::1 - - [11/Oct/2018:23:10:54 +0000] "GET /css/images/Grey-paper.png HTTP/1.1" 404 164 "http://localhost:8081/css/dristi.css" "Mozilla/5.0 (Windows NT 10.0; Win64; x64) AppleWebKit/537.36 (KHTML, like Gecko) Chrome/69.0.3497.100 Safari/537.36"
::1 - - [11/Oct/2018:23:10:54 +0000] "GET /favicon.ico HTTP/1.1" 404 150 "http://localhost:8081/" "Mozilla/5.0 (Windows NT 10.0; Win64; x64) AppleWebKit/537.36 (KHTML, like Gecko) Chrome/69.0.3497.100 Safari/537.36"
::1 - - [11/Oct/2018:23:15:17 +0000] "GET / HTTP/1.1" 304 - "-" "Mozilla/5.0 (Windows NT 10.0; Win64; x64) AppleWebKit/537.36 (KHTML, like Gecko) Chrome/69.0.3497.100 Safari/537.36"
::1 - - [11/Oct/2018:23:15:17 +0000] "GET /Grey-paper.png HTTP/1.1" 404 153 "http://localhost:8081/css/dristi.css" "Mozilla/5.0 (Windows NT 10.0; Win64; x64) AppleWebKit/537.36 (KHTML, like Gecko) Chrome/69.0.3497.100 Safari/537.36"
::1 - - [11/Oct/2018:23:15:21 +0000] "GET /tic-tac-toe HTTP/1.1" 200 3035 "http://localhost:8081/" "Mozilla/5.0 (Windows NT 10.0; Win64; x64) AppleWebKit/537.36 (KHTML, like Gecko) Chrome/69.0.3497.100 Safari/537.36"
::1 - - [11/Oct/2018:23:15:21 +0000] "GET /Grey-paper.png HTTP/1.1" 404 153 "http://localhost:8081/css/dristi.css" "Mozilla/5.0 (Windows NT 10.0; Win64; x64) AppleWebKit/537.36 (KHTML, like Gecko) Chrome/69.0.3497.100 Safari/537.36"
::1 - - [11/Oct/2018:23:15:24 +0000] "GET /contact HTTP/1.1" 200 2950 "http://localhost:8081/tic-tac-toe" "Mozilla/5.0 (Windows NT 10.0; Win64; x64) AppleWebKit/537.36 (KHTML, like Gecko) Chrome/69.0.3497.100 Safari/537.36"
::1 - - [11/Oct/2018:23:15:24 +0000] "GET /Grey-paper.png HTTP/1.1" 404 153 "http://localhost:8081/css/dristi.css" "Mozilla/5.0 (Windows NT 10.0; Win64; x64) AppleWebKit/537.36 (KHTML, like Gecko) Chrome/69.0.3497.100 Safari/537.36"
::1 - - [11/Oct/2018:23:15:29 +0000] "GET /tic-tac-toe HTTP/1.1" 304 - "http://localhost:8081/contact" "Mozilla/5.0 (Windows NT 10.0; Win64; x64) AppleWebKit/537.36 (KHTML, like Gecko) Chrome/69.0.3497.100 Safari/537.36"
::1 - - [11/Oct/2018:23:15:30 +0000] "GET /index HTTP/1.1" 200 3638 "http://localhost:8081/tic-tac-toe" "Mozilla/5.0 (Windows NT 10.0; Win64; x64) AppleWebKit/537.36 (KHTML, like Gecko) Chrome/69.0.3497.100 Safari/537.36"
::1 - - [11/Oct/2018:23:22:52 +0000] "GET / HTTP/1.1" 304 - "-" "Mozilla/5.0 (Windows NT 10.0; Win64; x64) AppleWebKit/537.36 (KHTML, like Gecko) Chrome/69.0.3497.100 Safari/537.36"
::1 - - [11/Oct/2018:23:22:54 +0000] "GET /contact HTTP/1.1" 304 - "http://localhost:8081/" "Mozilla/5.0 (Windows NT 10.0; Win64; x64) AppleWebKit/537.36 (KHTML, like Gecko) Chrome/69.0.3497.100 Safari/537.36"
::1 - - [11/Oct/2018:23:22:56 +0000] "GET /tic-tac-toe HTTP/1.1" 304 - "http://localhost:8081/contact" "Mozilla/5.0 (Windows NT 10.0; Win64; x64) AppleWebKit/537.36 (KHTML, like Gecko) Chrome/69.0.3497.100 Safari/537.36"
::1 - - [11/Oct/2018:23:22:59 +0000] "GET /tic-tac-toe HTTP/1.1" 304 - "http://localhost:8081/tic-tac-toe" "Mozilla/5.0 (Windows NT 10.0; Win64; x64) AppleWebKit/537.36 (KHTML, like Gecko) Chrome/69.0.3497.100 Safari/537.36"
::1 - - [11/Oct/2018:23:23:00 +0000] "GET /tic-tac-toe HTTP/1.1" 304 - "http://localhost:8081/tic-tac-toe" "Mozilla/5.0 (Windows NT 10.0; Win64; x64) AppleWebKit/537.36 (KHTML, like Gecko) Chrome/69.0.3497.100 Safari/537.36"
::1 - - [11/Oct/2018:23:23:01 +0000] "GET /tic-tac-toe HTTP/1.1" 304 - "http://localhost:8081/tic-tac-toe" "Mozilla/5.0 (Windows NT 10.0; Win64; x64) AppleWebKit/537.36 (KHTML, like Gecko) Chrome/69.0.3497.100 Safari/537.36"
::1 - - [11/Oct/2018:23:23:02 +0000] "GET /tic-tac-toe HTTP/1.1" 304 - "http://localhost:8081/tic-tac-toe" "Mozilla/5.0 (Windows NT 10.0; Win64; x64) AppleWebKit/537.36 (KHTML, like Gecko) Chrome/69.0.3497.100 Safari/537.36"
::1 - - [11/Oct/2018:23:31:17 +0000] "GET / HTTP/1.1" 304 - "-" "Mozilla/5.0 (Windows NT 10.0; Win64; x64) AppleWebKit/537.36 (KHTML, like Gecko) Chrome/69.0.3497.100 Safari/537.36"
::1 - - [11/Oct/2018:23:31:18 +0000] "GET /tic-tac-toe HTTP/1.1" 200 3080 "http://localhost:8081/" "Mozilla/5.0 (Windows NT 10.0; Win64; x64) AppleWebKit/537.36 (KHTML, like Gecko) Chrome/69.0.3497.100 Safari/537.36"
::1 - - [11/Oct/2018:23:31:24 +0000] "GET /contact HTTP/1.1" 304 - "http://localhost:8081/tic-tac-toe" "Mozilla/5.0 (Windows NT 10.0; Win64; x64) AppleWebKit/537.36 (KHTML, like Gecko) Chrome/69.0.3497.100 Safari/537.36"
::1 - - [11/Oct/2018:23:31:27 +0000] "GET /index HTTP/1.1" 304 - "http://localhost:8081/contact" "Mozilla/5.0 (Windows NT 10.0; Win64; x64) AppleWebKit/537.36 (KHTML, like Gecko) Chrome/69.0.3497.100 Safari/537.36"
::1 - - [11/Oct/2018:23:31:33 +0000] "GET /tic-tac-toe HTTP/1.1" 304 - "http://localhost:8081/index" "Mozilla/5.0 (Windows NT 10.0; Win64; x64) AppleWebKit/537.36 (KHTML, like Gecko) Chrome/69.0.3497.100 Safari/537.36"
::1 - - [11/Oct/2018:23:31:35 +0000] "GET /contact HTTP/1.1" 304 - "http://localhost:8081/tic-tac-toe" "Mozilla/5.0 (Windows NT 10.0; Win64; x64) AppleWebKit/537.36 (KHTML, like Gecko) Chrome/69.0.3497.100 Safari/537.36"
::1 - - [11/Oct/2018:23:32:08 +0000] "GET /index HTTP/1.1" 304 - "http://localhost:8081/contact" "Mozilla/5.0 (Windows NT 10.0; Win64; x64) AppleWebKit/537.36 (KHTML, like Gecko) Chrome/69.0.3497.100 Safari/537.36"
::1 - - [11/Oct/2018:23:46:27 +0000] "GET / HTTP/1.1" 304 - "-" "Mozilla/5.0 (Windows NT 10.0; Win64; x64) AppleWebKit/537.36 (KHTML, like Gecko) Chrome/69.0.3497.100 Safari/537.36"
::1 - - [11/Oct/2018:23:46:29 +0000] "GET /tic-tac-toe HTTP/1.1" 304 - "http://localhost:8081/" "Mozilla/5.0 (Windows NT 10.0; Win64; x64) AppleWebKit/537.36 (KHTML, like Gecko) Chrome/69.0.3497.100 Safari/537.36"
::1 - - [11/Oct/2018:23:46:30 +0000] "GET /contact HTTP/1.1" 304 - "http://localhost:8081/tic-tac-toe" "Mozilla/5.0 (Windows NT 10.0; Win64; x64) AppleWebKit/537.36 (KHTML, like Gecko) Chrome/69.0.3497.100 Safari/537.36"
::1 - - [11/Oct/2018:23:46:32 +0000] "GET /index HTTP/1.1" 304 - "http://localhost:8081/contact" "Mozilla/5.0 (Windows NT 10.0; Win64; x64) AppleWebKit/537.36 (KHTML, like Gecko) Chrome/69.0.3497.100 Safari/537.36"
::1 - - [11/Oct/2018:23:46:33 +0000] "GET /contact HTTP/1.1" 304 - "http://localhost:8081/index" "Mozilla/5.0 (Windows NT 10.0; Win64; x64) AppleWebKit/537.36 (KHTML, like Gecko) Chrome/69.0.3497.100 Safari/537.36"
::1 - - [11/Oct/2018:23:46:38 +0000] "GET /contact.html? HTTP/1.1" 404 151 "http://localhost:8081/contact" "Mozilla/5.0 (Windows NT 10.0; Win64; x64) AppleWebKit/537.36 (KHTML, like Gecko) Chrome/69.0.3497.100 Safari/537.36"
::1 - - [11/Oct/2018:23:48:53 +0000] "GET / HTTP/1.1" 304 - "-" "Mozilla/5.0 (Windows NT 10.0; Win64; x64) AppleWebKit/537.36 (KHTML, like Gecko) Chrome/69.0.3497.100 Safari/537.36"
::1 - - [11/Oct/2018:23:48:55 +0000] "GET /contact HTTP/1.1" 200 2952 "http://localhost:8081/" "Mozilla/5.0 (Windows NT 10.0; Win64; x64) AppleWebKit/537.36 (KHTML, like Gecko) Chrome/69.0.3497.100 Safari/537.36"
::1 - - [11/Oct/2018:23:48:59 +0000] "GET /contact-me.ejs? HTTP/1.1" 404 153 "http://localhost:8081/contact" "Mozilla/5.0 (Windows NT 10.0; Win64; x64) AppleWebKit/537.36 (KHTML, like Gecko) Chrome/69.0.3497.100 Safari/537.36"
::1 - - [11/Oct/2018:23:51:32 +0000] "GET / HTTP/1.1" 304 - "-" "Mozilla/5.0 (Windows NT 10.0; Win64; x64) AppleWebKit/537.36 (KHTML, like Gecko) Chrome/69.0.3497.100 Safari/537.36"
::1 - - [11/Oct/2018:23:51:34 +0000] "GET /contact HTTP/1.1" 200 2949 "http://localhost:8081/" "Mozilla/5.0 (Windows NT 10.0; Win64; x64) AppleWebKit/537.36 (KHTML, like Gecko) Chrome/69.0.3497.100 Safari/537.36"
::1 - - [11/Oct/2018:23:51:39 +0000] "GET /contact-me? HTTP/1.1" 404 149 "http://localhost:8081/contact" "Mozilla/5.0 (Windows NT 10.0; Win64; x64) AppleWebKit/537.36 (KHTML, like Gecko) Chrome/69.0.3497.100 Safari/537.36"
::1 - - [11/Oct/2018:23:53:11 +0000] "GET / HTTP/1.1" 304 - "-" "Mozilla/5.0 (Windows NT 10.0; Win64; x64) AppleWebKit/537.36 (KHTML, like Gecko) Chrome/69.0.3497.100 Safari/537.36"
::1 - - [11/Oct/2018:23:53:13 +0000] "GET /contact HTTP/1.1" 200 2963 "http://localhost:8081/" "Mozilla/5.0 (Windows NT 10.0; Win64; x64) AppleWebKit/537.36 (KHTML, like Gecko) Chrome/69.0.3497.100 Safari/537.36"
::1 - - [11/Oct/2018:23:53:19 +0000] "POST /contact-me HTTP/1.1" 404 150 "http://localhost:8081/contact" "Mozilla/5.0 (Windows NT 10.0; Win64; x64) AppleWebKit/537.36 (KHTML, like Gecko) Chrome/69.0.3497.100 Safari/537.36"
::1 - - [11/Oct/2018:23:56:44 +0000] "GET / HTTP/1.1" 304 - "-" "Mozilla/5.0 (Windows NT 10.0; Win64; x64) AppleWebKit/537.36 (KHTML, like Gecko) Chrome/69.0.3497.100 Safari/537.36"
::1 - - [11/Oct/2018:23:56:46 +0000] "GET /tic-tac-toe HTTP/1.1" 304 - "http://localhost:8081/" "Mozilla/5.0 (Windows NT 10.0; Win64; x64) AppleWebKit/537.36 (KHTML, like Gecko) Chrome/69.0.3497.100 Safari/537.36"
::1 - - [11/Oct/2018:23:56:47 +0000] "GET /index HTTP/1.1" 304 - "http://localhost:8081/tic-tac-toe" "Mozilla/5.0 (Windows NT 10.0; Win64; x64) AppleWebKit/537.36 (KHTML, like Gecko) Chrome/69.0.3497.100 Safari/537.36"
::1 - - [11/Oct/2018:23:56:48 +0000] "GET /contact HTTP/1.1" 500 1583 "http://localhost:8081/index" "Mozilla/5.0 (Windows NT 10.0; Win64; x64) AppleWebKit/537.36 (KHTML, like Gecko) Chrome/69.0.3497.100 Safari/537.36"
::1 - - [11/Oct/2018:23:58:39 +0000] "GET / HTTP/1.1" 304 - "-" "Mozilla/5.0 (Windows NT 10.0; Win64; x64) AppleWebKit/537.36 (KHTML, like Gecko) Chrome/69.0.3497.100 Safari/537.36"
::1 - - [11/Oct/2018:23:58:41 +0000] "GET /contact HTTP/1.1" 500 1583 "http://localhost:8081/" "Mozilla/5.0 (Windows NT 10.0; Win64; x64) AppleWebKit/537.36 (KHTML, like Gecko) Chrome/69.0.3497.100 Safari/537.36"
::1 - - [11/Oct/2018:23:59:33 +0000] "GET / HTTP/1.1" 304 - "-" "Mozilla/5.0 (Windows NT 10.0; Win64; x64) AppleWebKit/537.36 (KHTML, like Gecko) Chrome/69.0.3497.100 Safari/537.36"
::1 - - [11/Oct/2018:23:59:34 +0000] "GET /contact HTTP/1.1" 200 2960 "http://localhost:8081/" "Mozilla/5.0 (Windows NT 10.0; Win64; x64) AppleWebKit/537.36 (KHTML, like Gecko) Chrome/69.0.3497.100 Safari/537.36"
::1 - - [12/Oct/2018:00:06:26 +0000] "GET / HTTP/1.1" 304 - "-" "Mozilla/5.0 (Windows NT 10.0; Win64; x64) AppleWebKit/537.36 (KHTML, like Gecko) Chrome/69.0.3497.100 Safari/537.36"
::1 - - [12/Oct/2018:00:06:27 +0000] "GET /contact HTTP/1.1" 200 2997 "http://localhost:8081/" "Mozilla/5.0 (Windows NT 10.0; Win64; x64) AppleWebKit/537.36 (KHTML, like Gecko) Chrome/69.0.3497.100 Safari/537.36"
::1 - - [12/Oct/2018:00:06:36 +0000] "POST /contact HTTP/1.1" - - "http://localhost:8081/contact" "Mozilla/5.0 (Windows NT 10.0; Win64; x64) AppleWebKit/537.36 (KHTML, like Gecko) Chrome/69.0.3497.100 Safari/537.36"
::1 - - [12/Oct/2018:00:08:15 +0000] "GET / HTTP/1.1" 304 - "-" "Mozilla/5.0 (Windows NT 10.0; Win64; x64) AppleWebKit/537.36 (KHTML, like Gecko) Chrome/69.0.3497.100 Safari/537.36"
::1 - - [12/Oct/2018:00:08:17 +0000] "GET /contact HTTP/1.1" 200 2965 "http://localhost:8081/" "Mozilla/5.0 (Windows NT 10.0; Win64; x64) AppleWebKit/537.36 (KHTML, like Gecko) Chrome/69.0.3497.100 Safari/537.36"
::1 - - [12/Oct/2018:00:08:21 +0000] "GET /contact?inputname=sdsd&inputcomment=dfdf HTTP/1.1" 200 2965 "http://localhost:8081/contact" "Mozilla/5.0 (Windows NT 10.0; Win64; x64) AppleWebKit/537.36 (KHTML, like Gecko) Chrome/69.0.3497.100 Safari/537.36"
::1 - - [12/Oct/2018:00:08:34 +0000] "GET /tic-tac-toe HTTP/1.1" 304 - "http://localhost:8081/contact?inputname=sdsd&inputcomment=dfdf" "Mozilla/5.0 (Windows NT 10.0; Win64; x64) AppleWebKit/537.36 (KHTML, like Gecko) Chrome/69.0.3497.100 Safari/537.36"
::1 - - [12/Oct/2018:00:08:38 +0000] "GET /index HTTP/1.1" 304 - "http://localhost:8081/tic-tac-toe" "Mozilla/5.0 (Windows NT 10.0; Win64; x64) AppleWebKit/537.36 (KHTML, like Gecko) Chrome/69.0.3497.100 Safari/537.36"
::1 - - [12/Oct/2018:00:14:11 +0000] "GET /tic-tac-toe HTTP/1.1" 304 - "http://localhost:8081/index" "Mozilla/5.0 (Windows NT 10.0; Win64; x64) AppleWebKit/537.36 (KHTML, like Gecko) Chrome/69.0.3497.100 Safari/537.36"
::1 - - [27/Oct/2018:23:15:15 +0000] "GET / HTTP/1.1" 200 3638 "-" "Mozilla/5.0 (Windows NT 10.0; Win64; x64) AppleWebKit/537.36 (KHTML, like Gecko) Chrome/69.0.3497.100 Safari/537.36"
::1 - - [27/Oct/2018:23:15:16 +0000] "GET /favicon.ico HTTP/1.1" 404 150 "http://localhost:8081/" "Mozilla/5.0 (Windows NT 10.0; Win64; x64) AppleWebKit/537.36 (KHTML, like Gecko) Chrome/69.0.3497.100 Safari/537.36"
::1 - - [27/Oct/2018:23:15:17 +0000] "GET /contact HTTP/1.1" 200 4030 "http://localhost:8081/" "Mozilla/5.0 (Windows NT 10.0; Win64; x64) AppleWebKit/537.36 (KHTML, like Gecko) Chrome/69.0.3497.100 Safari/537.36"
::1 - - [27/Oct/2018:23:15:29 +0000] "GET /contact?inputname=sx12122&inputemail=12&inputcomment=12 HTTP/1.1" 200 4030 "http://localhost:8081/contact" "Mozilla/5.0 (Windows NT 10.0; Win64; x64) AppleWebKit/537.36 (KHTML, like Gecko) Chrome/69.0.3497.100 Safari/537.36"
::1 - - [27/Oct/2018:23:15:33 +0000] "GET /contact?inputname=1&inputemail=&inputcomment= HTTP/1.1" 200 4030 "http://localhost:8081/contact?inputname=sx12122&inputemail=12&inputcomment=12" "Mozilla/5.0 (Windows NT 10.0; Win64; x64) AppleWebKit/537.36 (KHTML, like Gecko) Chrome/69.0.3497.100 Safari/537.36"
::1 - - [27/Oct/2018:23:26:27 +0000] "GET /contact?inputname=1&inputemail=&inputcomment= HTTP/1.1" 200 3638 "-" "Mozilla/5.0 (Windows NT 10.0; Win64; x64) AppleWebKit/537.36 (KHTML, like Gecko) Chrome/69.0.3497.100 Safari/537.36"
::1 - - [27/Oct/2018:23:26:29 +0000] "GET /contact HTTP/1.1" 200 3638 "http://localhost:8081/contact?inputname=1&inputemail=&inputcomment=" "Mozilla/5.0 (Windows NT 10.0; Win64; x64) AppleWebKit/537.36 (KHTML, like Gecko) Chrome/69.0.3497.100 Safari/537.36"
::1 - - [27/Oct/2018:23:26:31 +0000] "GET /contact HTTP/1.1" 304 - "http://localhost:8081/contact" "Mozilla/5.0 (Windows NT 10.0; Win64; x64) AppleWebKit/537.36 (KHTML, like Gecko) Chrome/69.0.3497.100 Safari/537.36"
::1 - - [27/Oct/2018:23:26:32 +0000] "GET /contact HTTP/1.1" 304 - "http://localhost:8081/contact" "Mozilla/5.0 (Windows NT 10.0; Win64; x64) AppleWebKit/537.36 (KHTML, like Gecko) Chrome/69.0.3497.100 Safari/537.36"
::1 - - [27/Oct/2018:23:26:33 +0000] "GET /contact HTTP/1.1" 304 - "http://localhost:8081/contact" "Mozilla/5.0 (Windows NT 10.0; Win64; x64) AppleWebKit/537.36 (KHTML, like Gecko) Chrome/69.0.3497.100 Safari/537.36"
::1 - - [27/Oct/2018:23:26:33 +0000] "GET /contact HTTP/1.1" 304 - "http://localhost:8081/contact" "Mozilla/5.0 (Windows NT 10.0; Win64; x64) AppleWebKit/537.36 (KHTML, like Gecko) Chrome/69.0.3497.100 Safari/537.36"
::1 - - [27/Oct/2018:23:27:16 +0000] "GET /contact HTTP/1.1" 200 4030 "-" "Mozilla/5.0 (Windows NT 10.0; Win64; x64) AppleWebKit/537.36 (KHTML, like Gecko) Chrome/69.0.3497.100 Safari/537.36"
::1 - - [27/Oct/2018:23:30:18 +0000] "GET /contact?inputname=&inputemail=&inputcomment= HTTP/1.1" 200 4030 "http://localhost:8081/contact" "Mozilla/5.0 (Windows NT 10.0; Win64; x64) AppleWebKit/537.36 (KHTML, like Gecko) Chrome/69.0.3497.100 Safari/537.36"
::1 - - [27/Oct/2018:23:30:19 +0000] "GET /contact?inputname=&inputemail=&inputcomment= HTTP/1.1" 304 - "http://localhost:8081/contact?inputname=&inputemail=&inputcomment=" "Mozilla/5.0 (Windows NT 10.0; Win64; x64) AppleWebKit/537.36 (KHTML, like Gecko) Chrome/69.0.3497.100 Safari/537.36"
::1 - - [27/Oct/2018:23:30:23 +0000] "GET /contact?inputname=df&inputemail=&inputcomment= HTTP/1.1" 200 4030 "http://localhost:8081/contact?inputname=&inputemail=&inputcomment=" "Mozilla/5.0 (Windows NT 10.0; Win64; x64) AppleWebKit/537.36 (KHTML, like Gecko) Chrome/69.0.3497.100 Safari/537.36"
::1 - - [27/Oct/2018:23:32:14 +0000] "GET /contact?inputname=df&inputemail=&inputcomment= HTTP/1.1" 200 4034 "-" "Mozilla/5.0 (Windows NT 10.0; Win64; x64) AppleWebKit/537.36 (KHTML, like Gecko) Chrome/69.0.3497.100 Safari/537.36"
::1 - - [27/Oct/2018:23:32:26 +0000] "GET /contact?inputname=Dristi+Marasini&inputemail=nb%2Cj&inputcomment=bj HTTP/1.1" 200 4034 "http://localhost:8081/contact?inputname=df&inputemail=&inputcomment=" "Mozilla/5.0 (Windows NT 10.0; Win64; x64) AppleWebKit/537.36 (KHTML, like Gecko) Chrome/69.0.3497.100 Safari/537.36"
::1 - - [27/Oct/2018:23:32:35 +0000] "GET /contact?inputname=ty&inputemail=&inputcomment= HTTP/1.1" 200 4034 "http://localhost:8081/contact?inputname=Dristi+Marasini&inputemail=nb%2Cj&inputcomment=bj" "Mozilla/5.0 (Windows NT 10.0; Win64; x64) AppleWebKit/537.36 (KHTML, like Gecko) Chrome/69.0.3497.100 Safari/537.36"
::1 - - [28/Oct/2018:17:25:39 +0000] "GET / HTTP/1.1" 200 3638 "-" "Mozilla/5.0 (Windows NT 10.0; Win64; x64) AppleWebKit/537.36 (KHTML, like Gecko) Chrome/69.0.3497.100 Safari/537.36"
::1 - - [28/Oct/2018:17:25:41 +0000] "GET /contact HTTP/1.1" 200 4073 "http://localhost:8081/" "Mozilla/5.0 (Windows NT 10.0; Win64; x64) AppleWebKit/537.36 (KHTML, like Gecko) Chrome/69.0.3497.100 Safari/537.36"
::1 - - [28/Oct/2018:17:51:19 +0000] "GET /contact HTTP/1.1" 200 2830 "-" "Mozilla/5.0 (Windows NT 10.0; Win64; x64) AppleWebKit/537.36 (KHTML, like Gecko) Chrome/69.0.3497.100 Safari/537.36"
::1 - - [28/Oct/2018:17:52:21 +0000] "GET /contact HTTP/1.1" 200 2824 "-" "Mozilla/5.0 (Windows NT 10.0; Win64; x64) AppleWebKit/537.36 (KHTML, like Gecko) Chrome/69.0.3497.100 Safari/537.36"
::1 - - [28/Oct/2018:17:53:19 +0000] "GET /contact HTTP/1.1" 200 2871 "-" "Mozilla/5.0 (Windows NT 10.0; Win64; x64) AppleWebKit/537.36 (KHTML, like Gecko) Chrome/69.0.3497.100 Safari/537.36"
::1 - - [28/Oct/2018:17:54:18 +0000] "GET /contact HTTP/1.1" 200 2913 "-" "Mozilla/5.0 (Windows NT 10.0; Win64; x64) AppleWebKit/537.36 (KHTML, like Gecko) Chrome/69.0.3497.100 Safari/537.36"
::1 - - [28/Oct/2018:18:00:38 +0000] "GET /contact HTTP/1.1" 200 2978 "-" "Mozilla/5.0 (Windows NT 10.0; Win64; x64) AppleWebKit/537.36 (KHTML, like Gecko) Chrome/69.0.3497.100 Safari/537.36"
::1 - - [28/Oct/2018:22:20:27 +0000] "GET /contact HTTP/1.1" 304 - "-" "Mozilla/5.0 (Windows NT 10.0; Win64; x64) AppleWebKit/537.36 (KHTML, like Gecko) Chrome/69.0.3497.100 Safari/537.36"
::1 - - [28/Oct/2018:22:20:28 +0000] "GET /contact HTTP/1.1" 304 - "http://localhost:8081/contact" "Mozilla/5.0 (Windows NT 10.0; Win64; x64) AppleWebKit/537.36 (KHTML, like Gecko) Chrome/69.0.3497.100 Safari/537.36"
::1 - - [28/Oct/2018:22:20:37 +0000] "GET /contact? HTTP/1.1" 200 2978 "http://localhost:8081/contact" "Mozilla/5.0 (Windows NT 10.0; Win64; x64) AppleWebKit/537.36 (KHTML, like Gecko) Chrome/69.0.3497.100 Safari/537.36"
::1 - - [28/Oct/2018:22:20:39 +0000] "GET /contact? HTTP/1.1" 304 - "http://localhost:8081/contact?" "Mozilla/5.0 (Windows NT 10.0; Win64; x64) AppleWebKit/537.36 (KHTML, like Gecko) Chrome/69.0.3497.100 Safari/537.36"
::1 - - [28/Oct/2018:22:21:05 +0000] "GET /contact? HTTP/1.1" 304 - "http://localhost:8081/contact?" "Mozilla/5.0 (Windows NT 10.0; Win64; x64) AppleWebKit/537.36 (KHTML, like Gecko) Chrome/69.0.3497.100 Safari/537.36"
::1 - - [28/Oct/2018:22:21:07 +0000] "GET /contact? HTTP/1.1" 304 - "http://localhost:8081/contact?" "Mozilla/5.0 (Windows NT 10.0; Win64; x64) AppleWebKit/537.36 (KHTML, like Gecko) Chrome/69.0.3497.100 Safari/537.36"
::1 - - [28/Oct/2018:22:22:57 +0000] "GET /contact? HTTP/1.1" 304 - "-" "Mozilla/5.0 (Windows NT 10.0; Win64; x64) AppleWebKit/537.36 (KHTML, like Gecko) Chrome/69.0.3497.100 Safari/537.36"
::1 - - [28/Oct/2018:22:25:30 +0000] "GET /contact? HTTP/1.1" 200 3069 "http://localhost:8081/contact?" "Mozilla/5.0 (Windows NT 10.0; Win64; x64) AppleWebKit/537.36 (KHTML, like Gecko) Chrome/69.0.3497.100 Safari/537.36"
::1 - - [28/Oct/2018:22:25:33 +0000] "GET /contact? HTTP/1.1" 304 - "http://localhost:8081/contact?" "Mozilla/5.0 (Windows NT 10.0; Win64; x64) AppleWebKit/537.36 (KHTML, like Gecko) Chrome/69.0.3497.100 Safari/537.36"
::1 - - [28/Oct/2018:22:25:35 +0000] "GET /contact? HTTP/1.1" 304 - "http://localhost:8081/contact?" "Mozilla/5.0 (Windows NT 10.0; Win64; x64) AppleWebKit/537.36 (KHTML, like Gecko) Chrome/69.0.3497.100 Safari/537.36"
::1 - - [28/Oct/2018:22:26:55 +0000] "GET /contact? HTTP/1.1" 200 3084 "-" "Mozilla/5.0 (Windows NT 10.0; Win64; x64) AppleWebKit/537.36 (KHTML, like Gecko) Chrome/69.0.3497.100 Safari/537.36"
::1 - - [28/Oct/2018:22:30:24 +0000] "GET /contact? HTTP/1.1" 304 - "-" "Mozilla/5.0 (Windows NT 10.0; Win64; x64) AppleWebKit/537.36 (KHTML, like Gecko) Chrome/69.0.3497.100 Safari/537.36"
::1 - - [28/Oct/2018:22:32:54 +0000] "GET /contact? HTTP/1.1" 304 - "-" "Mozilla/5.0 (Windows NT 10.0; Win64; x64) AppleWebKit/537.36 (KHTML, like Gecko) Chrome/69.0.3497.100 Safari/537.36"
::1 - - [28/Oct/2018:22:33:09 +0000] "GET /contact? HTTP/1.1" 304 - "-" "Mozilla/5.0 (Windows NT 10.0; Win64; x64) AppleWebKit/537.36 (KHTML, like Gecko) Chrome/69.0.3497.100 Safari/537.36"
::1 - - [28/Oct/2018:22:33:48 +0000] "GET /contact? HTTP/1.1" 304 - "-" "Mozilla/5.0 (Windows NT 10.0; Win64; x64) AppleWebKit/537.36 (KHTML, like Gecko) Chrome/69.0.3497.100 Safari/537.36"
::1 - - [28/Oct/2018:22:34:17 +0000] "GET /contact? HTTP/1.1" 304 - "-" "Mozilla/5.0 (Windows NT 10.0; Win64; x64) AppleWebKit/537.36 (KHTML, like Gecko) Chrome/69.0.3497.100 Safari/537.36"
::1 - - [28/Oct/2018:22:36:27 +0000] "GET /contact? HTTP/1.1" 200 3101 "-" "Mozilla/5.0 (Windows NT 10.0; Win64; x64) AppleWebKit/537.36 (KHTML, like Gecko) Chrome/69.0.3497.100 Safari/537.36"
::1 - - [28/Oct/2018:22:57:46 +0000] "GET /contact? HTTP/1.1" 200 3197 "-" "Mozilla/5.0 (Windows NT 10.0; Win64; x64) AppleWebKit/537.36 (KHTML, like Gecko) Chrome/69.0.3497.100 Safari/537.36"
::1 - - [28/Oct/2018:22:57:48 +0000] "GET /AreaOfRec HTTP/1.1" 200 1472 "http://localhost:8081/contact?" "Mozilla/5.0 (Windows NT 10.0; Win64; x64) AppleWebKit/537.36 (KHTML, like Gecko) Chrome/69.0.3497.100 Safari/537.36"
::1 - - [28/Oct/2018:23:01:21 +0000] "GET /AreaOfRec HTTP/1.1" 304 - "-" "Mozilla/5.0 (Windows NT 10.0; Win64; x64) AppleWebKit/537.36 (KHTML, like Gecko) Chrome/69.0.3497.100 Safari/537.36"
::1 - - [28/Oct/2018:23:01:29 +0000] "GET /AreaOfRec/test HTTP/1.1" 404 153 "-" "Mozilla/5.0 (Windows NT 10.0; Win64; x64) AppleWebKit/537.36 (KHTML, like Gecko) Chrome/69.0.3497.100 Safari/537.36"
::1 - - [28/Oct/2018:23:01:32 +0000] "GET /AreaOfRec HTTP/1.1" 304 - "-" "Mozilla/5.0 (Windows NT 10.0; Win64; x64) AppleWebKit/537.36 (KHTML, like Gecko) Chrome/69.0.3497.100 Safari/537.36"
::1 - - [28/Oct/2018:23:01:35 +0000] "GET /index HTTP/1.1" 200 3734 "http://localhost:8081/AreaOfRec" "Mozilla/5.0 (Windows NT 10.0; Win64; x64) AppleWebKit/537.36 (KHTML, like Gecko) Chrome/69.0.3497.100 Safari/537.36"
::1 - - [28/Oct/2018:23:14:59 +0000] "GET /index HTTP/1.1" 304 - "-" "Mozilla/5.0 (Windows NT 10.0; Win64; x64) AppleWebKit/537.36 (KHTML, like Gecko) Chrome/69.0.3497.100 Safari/537.36"
::1 - - [28/Oct/2018:23:15:00 +0000] "GET /AreaOfRec HTTP/1.1" 200 1568 "http://localhost:8081/index" "Mozilla/5.0 (Windows NT 10.0; Win64; x64) AppleWebKit/537.36 (KHTML, like Gecko) Chrome/69.0.3497.100 Safari/537.36"
::1 - - [28/Oct/2018:23:15:04 +0000] "GET /calc.js HTTP/1.1" 404 146 "http://localhost:8081/test/test.html" "Mozilla/5.0 (Windows NT 10.0; Win64; x64) AppleWebKit/537.36 (KHTML, like Gecko) Chrome/69.0.3497.100 Safari/537.36"
::1 - - [28/Oct/2018:23:15:04 +0000] "GET /calc.js HTTP/1.1" 404 146 "http://localhost:8081/test/test.html" "Mozilla/5.0 (Windows NT 10.0; Win64; x64) AppleWebKit/537.36 (KHTML, like Gecko) Chrome/69.0.3497.100 Safari/537.36"
::1 - - [28/Oct/2018:23:20:52 +0000] "GET /index HTTP/1.1" 304 - "http://localhost:8081/AreaOfRec" "Mozilla/5.0 (Windows NT 10.0; Win64; x64) AppleWebKit/537.36 (KHTML, like Gecko) Chrome/69.0.3497.100 Safari/537.36"
::1 - - [28/Oct/2018:23:20:53 +0000] "GET /AreaOfRec HTTP/1.1" 304 - "http://localhost:8081/index" "Mozilla/5.0 (Windows NT 10.0; Win64; x64) AppleWebKit/537.36 (KHTML, like Gecko) Chrome/69.0.3497.100 Safari/537.36"
::1 - - [28/Oct/2018:23:21:29 +0000] "GET /AreaOfRec HTTP/1.1" 304 - "-" "Mozilla/5.0 (Windows NT 10.0; Win64; x64) AppleWebKit/537.36 (KHTML, like Gecko) Chrome/69.0.3497.100 Safari/537.36"
::1 - - [28/Oct/2018:23:21:41 +0000] "GET /calc.js HTTP/1.1" 404 146 "http://localhost:8081/test/test.html" "Mozilla/5.0 (Windows NT 10.0; Win64; x64) AppleWebKit/537.36 (KHTML, like Gecko) Chrome/69.0.3497.100 Safari/537.36"
::1 - - [28/Oct/2018:23:21:41 +0000] "GET /calc.js HTTP/1.1" 404 146 "http://localhost:8081/test/test.html" "Mozilla/5.0 (Windows NT 10.0; Win64; x64) AppleWebKit/537.36 (KHTML, like Gecko) Chrome/69.0.3497.100 Safari/537.36"
::1 - - [28/Oct/2018:23:22:51 +0000] "GET /AreaOfRec HTTP/1.1" 304 - "-" "Mozilla/5.0 (Windows NT 10.0; Win64; x64) AppleWebKit/537.36 (KHTML, like Gecko) Chrome/69.0.3497.100 Safari/537.36"
::1 - - [28/Oct/2018:23:22:53 +0000] "GET /contact HTTP/1.1" 200 3197 "http://localhost:8081/AreaOfRec" "Mozilla/5.0 (Windows NT 10.0; Win64; x64) AppleWebKit/537.36 (KHTML, like Gecko) Chrome/69.0.3497.100 Safari/537.36"
::1 - - [28/Oct/2018:23:22:55 +0000] "GET /AreaOfRec HTTP/1.1" 304 - "http://localhost:8081/contact" "Mozilla/5.0 (Windows NT 10.0; Win64; x64) AppleWebKit/537.36 (KHTML, like Gecko) Chrome/69.0.3497.100 Safari/537.36"
::1 - - [28/Oct/2018:23:23:04 +0000] "GET /calc.js HTTP/1.1" 404 146 "http://localhost:8081/test/test.html" "Mozilla/5.0 (Windows NT 10.0; Win64; x64) AppleWebKit/537.36 (KHTML, like Gecko) Chrome/69.0.3497.100 Safari/537.36"
::1 - - [28/Oct/2018:23:23:04 +0000] "GET /calc.js HTTP/1.1" 404 146 "http://localhost:8081/test/test.html" "Mozilla/5.0 (Windows NT 10.0; Win64; x64) AppleWebKit/537.36 (KHTML, like Gecko) Chrome/69.0.3497.100 Safari/537.36"
::1 - - [28/Oct/2018:23:25:23 +0000] "GET /test/calc.js HTTP/1.1" 404 151 "http://localhost:8081/test/test.html" "Mozilla/5.0 (Windows NT 10.0; Win64; x64) AppleWebKit/537.36 (KHTML, like Gecko) Chrome/69.0.3497.100 Safari/537.36"
::1 - - [28/Oct/2018:23:25:23 +0000] "GET /test/calc.js HTTP/1.1" 404 151 "http://localhost:8081/test/test.html" "Mozilla/5.0 (Windows NT 10.0; Win64; x64) AppleWebKit/537.36 (KHTML, like Gecko) Chrome/69.0.3497.100 Safari/537.36"
::1 - - [28/Oct/2018:23:26:22 +0000] "GET /AreaOfRec HTTP/1.1" 200 1604 "-" "Mozilla/5.0 (Windows NT 10.0; Win64; x64) AppleWebKit/537.36 (KHTML, like Gecko) Chrome/69.0.3497.100 Safari/537.36"
::1 - - [28/Oct/2018:23:26:22 +0000] "GET /js/test.js HTTP/1.1" 404 149 "http://localhost:8081/AreaOfRec" "Mozilla/5.0 (Windows NT 10.0; Win64; x64) AppleWebKit/537.36 (KHTML, like Gecko) Chrome/69.0.3497.100 Safari/537.36"
::1 - - [28/Oct/2018:23:26:22 +0000] "GET /js/test.js HTTP/1.1" 404 149 "http://localhost:8081/AreaOfRec" "Mozilla/5.0 (Windows NT 10.0; Win64; x64) AppleWebKit/537.36 (KHTML, like Gecko) Chrome/69.0.3497.100 Safari/537.36"
::1 - - [28/Oct/2018:23:26:25 +0000] "GET /test/js/calc.js HTTP/1.1" 404 154 "http://localhost:8081/test/test.html" "Mozilla/5.0 (Windows NT 10.0; Win64; x64) AppleWebKit/537.36 (KHTML, like Gecko) Chrome/69.0.3497.100 Safari/537.36"
::1 - - [28/Oct/2018:23:26:25 +0000] "GET /test/test/test.js HTTP/1.1" 404 156 "http://localhost:8081/test/test.html" "Mozilla/5.0 (Windows NT 10.0; Win64; x64) AppleWebKit/537.36 (KHTML, like Gecko) Chrome/69.0.3497.100 Safari/537.36"
::1 - - [28/Oct/2018:23:26:25 +0000] "GET /test/js/calc.js HTTP/1.1" 404 154 "http://localhost:8081/test/test.html" "Mozilla/5.0 (Windows NT 10.0; Win64; x64) AppleWebKit/537.36 (KHTML, like Gecko) Chrome/69.0.3497.100 Safari/537.36"
::1 - - [28/Oct/2018:23:26:25 +0000] "GET /test/test/test.js HTTP/1.1" 404 156 "http://localhost:8081/test/test.html" "Mozilla/5.0 (Windows NT 10.0; Win64; x64) AppleWebKit/537.36 (KHTML, like Gecko) Chrome/69.0.3497.100 Safari/537.36"
::1 - - [28/Oct/2018:23:26:36 +0000] "GET /test/js/calc.js HTTP/1.1" 404 154 "http://localhost:8081/test/test.html" "Mozilla/5.0 (Windows NT 10.0; Win64; x64) AppleWebKit/537.36 (KHTML, like Gecko) Chrome/69.0.3497.100 Safari/537.36"
::1 - - [28/Oct/2018:23:26:36 +0000] "GET /test/test/test.js HTTP/1.1" 404 156 "http://localhost:8081/test/test.html" "Mozilla/5.0 (Windows NT 10.0; Win64; x64) AppleWebKit/537.36 (KHTML, like Gecko) Chrome/69.0.3497.100 Safari/537.36"
::1 - - [28/Oct/2018:23:26:36 +0000] "GET /test/js/calc.js HTTP/1.1" 404 154 "http://localhost:8081/test/test.html" "Mozilla/5.0 (Windows NT 10.0; Win64; x64) AppleWebKit/537.36 (KHTML, like Gecko) Chrome/69.0.3497.100 Safari/537.36"
::1 - - [28/Oct/2018:23:26:36 +0000] "GET /test/test/test.js HTTP/1.1" 404 156 "http://localhost:8081/test/test.html" "Mozilla/5.0 (Windows NT 10.0; Win64; x64) AppleWebKit/537.36 (KHTML, like Gecko) Chrome/69.0.3497.100 Safari/537.36"
::1 - - [28/Oct/2018:23:26:46 +0000] "GET /test/js/calc.js HTTP/1.1" 404 154 "http://localhost:8081/test/test.html" "Mozilla/5.0 (Windows NT 10.0; Win64; x64) AppleWebKit/537.36 (KHTML, like Gecko) Chrome/69.0.3497.100 Safari/537.36"
::1 - - [28/Oct/2018:23:26:46 +0000] "GET /test/test/test.js HTTP/1.1" 404 156 "http://localhost:8081/test/test.html" "Mozilla/5.0 (Windows NT 10.0; Win64; x64) AppleWebKit/537.36 (KHTML, like Gecko) Chrome/69.0.3497.100 Safari/537.36"
::1 - - [28/Oct/2018:23:26:46 +0000] "GET /test/js/calc.js HTTP/1.1" 404 154 "http://localhost:8081/test/test.html" "Mozilla/5.0 (Windows NT 10.0; Win64; x64) AppleWebKit/537.36 (KHTML, like Gecko) Chrome/69.0.3497.100 Safari/537.36"
::1 - - [28/Oct/2018:23:26:46 +0000] "GET /test/test/test.js HTTP/1.1" 404 156 "http://localhost:8081/test/test.html" "Mozilla/5.0 (Windows NT 10.0; Win64; x64) AppleWebKit/537.36 (KHTML, like Gecko) Chrome/69.0.3497.100 Safari/537.36"
::1 - - [28/Oct/2018:23:35:27 +0000] "GET / HTTP/1.1" 200 3734 "-" "Mozilla/5.0 (Windows NT 10.0; Win64; x64) AppleWebKit/537.36 (KHTML, like Gecko) Chrome/69.0.3497.100 Safari/537.36"
::1 - - [28/Oct/2018:23:35:30 +0000] "GET /AreaOfRec HTTP/1.1" 304 - "http://localhost:8081/" "Mozilla/5.0 (Windows NT 10.0; Win64; x64) AppleWebKit/537.36 (KHTML, like Gecko) Chrome/69.0.3497.100 Safari/537.36"
::1 - - [28/Oct/2018:23:35:30 +0000] "GET /js/test.js HTTP/1.1" 404 149 "http://localhost:8081/AreaOfRec" "Mozilla/5.0 (Windows NT 10.0; Win64; x64) AppleWebKit/537.36 (KHTML, like Gecko) Chrome/69.0.3497.100 Safari/537.36"
::1 - - [28/Oct/2018:23:35:30 +0000] "GET /js/test.js HTTP/1.1" 404 149 "http://localhost:8081/AreaOfRec" "Mozilla/5.0 (Windows NT 10.0; Win64; x64) AppleWebKit/537.36 (KHTML, like Gecko) Chrome/69.0.3497.100 Safari/537.36"
::1 - - [28/Oct/2018:23:35:32 +0000] "GET /test/js/calc.js HTTP/1.1" 404 154 "http://localhost:8081/test/test.html" "Mozilla/5.0 (Windows NT 10.0; Win64; x64) AppleWebKit/537.36 (KHTML, like Gecko) Chrome/69.0.3497.100 Safari/537.36"
::1 - - [28/Oct/2018:23:35:32 +0000] "GET /test/test/test.js HTTP/1.1" 404 156 "http://localhost:8081/test/test.html" "Mozilla/5.0 (Windows NT 10.0; Win64; x64) AppleWebKit/537.36 (KHTML, like Gecko) Chrome/69.0.3497.100 Safari/537.36"
::1 - - [28/Oct/2018:23:35:32 +0000] "GET /test/js/calc.js HTTP/1.1" 404 154 "http://localhost:8081/test/test.html" "Mozilla/5.0 (Windows NT 10.0; Win64; x64) AppleWebKit/537.36 (KHTML, like Gecko) Chrome/69.0.3497.100 Safari/537.36"
::1 - - [28/Oct/2018:23:35:32 +0000] "GET /test/test/test.js HTTP/1.1" 404 156 "http://localhost:8081/test/test.html" "Mozilla/5.0 (Windows NT 10.0; Win64; x64) AppleWebKit/537.36 (KHTML, like Gecko) Chrome/69.0.3497.100 Safari/537.36"
::1 - - [28/Oct/2018:23:35:51 +0000] "GET /test/js/calc.js HTTP/1.1" 404 154 "http://localhost:8081/test/test.html" "Mozilla/5.0 (Windows NT 10.0; Win64; x64) AppleWebKit/537.36 (KHTML, like Gecko) Chrome/69.0.3497.100 Safari/537.36"
::1 - - [28/Oct/2018:23:35:51 +0000] "GET /test/test/test.js HTTP/1.1" 404 156 "http://localhost:8081/test/test.html" "Mozilla/5.0 (Windows NT 10.0; Win64; x64) AppleWebKit/537.36 (KHTML, like Gecko) Chrome/69.0.3497.100 Safari/537.36"
::1 - - [28/Oct/2018:23:35:52 +0000] "GET /test/js/calc.js HTTP/1.1" 404 154 "http://localhost:8081/test/test.html" "Mozilla/5.0 (Windows NT 10.0; Win64; x64) AppleWebKit/537.36 (KHTML, like Gecko) Chrome/69.0.3497.100 Safari/537.36"
::1 - - [28/Oct/2018:23:35:52 +0000] "GET /test/test/test.js HTTP/1.1" 404 156 "http://localhost:8081/test/test.html" "Mozilla/5.0 (Windows NT 10.0; Win64; x64) AppleWebKit/537.36 (KHTML, like Gecko) Chrome/69.0.3497.100 Safari/537.36"
::1 - - [28/Oct/2018:23:46:46 +0000] "GET /AreaOfRec HTTP/1.1" 304 - "-" "Mozilla/5.0 (Windows NT 10.0; Win64; x64) AppleWebKit/537.36 (KHTML, like Gecko) Chrome/69.0.3497.100 Safari/537.36"
::1 - - [28/Oct/2018:23:46:46 +0000] "GET /js/test.js HTTP/1.1" 404 149 "http://localhost:8081/AreaOfRec" "Mozilla/5.0 (Windows NT 10.0; Win64; x64) AppleWebKit/537.36 (KHTML, like Gecko) Chrome/69.0.3497.100 Safari/537.36"
::1 - - [28/Oct/2018:23:46:46 +0000] "GET /js/test.js HTTP/1.1" 404 149 "http://localhost:8081/AreaOfRec" "Mozilla/5.0 (Windows NT 10.0; Win64; x64) AppleWebKit/537.36 (KHTML, like Gecko) Chrome/69.0.3497.100 Safari/537.36"
::1 - - [28/Oct/2018:23:46:48 +0000] "GET /test/js/calc.js HTTP/1.1" 404 154 "http://localhost:8081/test/test.html" "Mozilla/5.0 (Windows NT 10.0; Win64; x64) AppleWebKit/537.36 (KHTML, like Gecko) Chrome/69.0.3497.100 Safari/537.36"
::1 - - [28/Oct/2018:23:46:48 +0000] "GET /test/test/test.js HTTP/1.1" 404 156 "http://localhost:8081/test/test.html" "Mozilla/5.0 (Windows NT 10.0; Win64; x64) AppleWebKit/537.36 (KHTML, like Gecko) Chrome/69.0.3497.100 Safari/537.36"
::1 - - [28/Oct/2018:23:46:48 +0000] "GET /test/js/calc.js HTTP/1.1" 404 154 "http://localhost:8081/test/test.html" "Mozilla/5.0 (Windows NT 10.0; Win64; x64) AppleWebKit/537.36 (KHTML, like Gecko) Chrome/69.0.3497.100 Safari/537.36"
::1 - - [28/Oct/2018:23:46:48 +0000] "GET /test/test/test.js HTTP/1.1" 404 156 "http://localhost:8081/test/test.html" "Mozilla/5.0 (Windows NT 10.0; Win64; x64) AppleWebKit/537.36 (KHTML, like Gecko) Chrome/69.0.3497.100 Safari/537.36"
::1 - - [28/Oct/2018:23:52:27 +0000] "GET /contact HTTP/1.1" 304 - "http://localhost:8081/AreaOfRec" "Mozilla/5.0 (Windows NT 10.0; Win64; x64) AppleWebKit/537.36 (KHTML, like Gecko) Chrome/69.0.3497.100 Safari/537.36"
::1 - - [28/Oct/2018:23:52:28 +0000] "GET /AreaOfRec HTTP/1.1" 304 - "http://localhost:8081/contact" "Mozilla/5.0 (Windows NT 10.0; Win64; x64) AppleWebKit/537.36 (KHTML, like Gecko) Chrome/69.0.3497.100 Safari/537.36"
::1 - - [28/Oct/2018:23:52:28 +0000] "GET /js/test.js HTTP/1.1" 404 149 "http://localhost:8081/AreaOfRec" "Mozilla/5.0 (Windows NT 10.0; Win64; x64) AppleWebKit/537.36 (KHTML, like Gecko) Chrome/69.0.3497.100 Safari/537.36"
::1 - - [28/Oct/2018:23:52:28 +0000] "GET /js/test.js HTTP/1.1" 404 149 "http://localhost:8081/AreaOfRec" "Mozilla/5.0 (Windows NT 10.0; Win64; x64) AppleWebKit/537.36 (KHTML, like Gecko) Chrome/69.0.3497.100 Safari/537.36"
::1 - - [28/Oct/2018:23:52:34 +0000] "GET /test/js/calc.js HTTP/1.1" 404 154 "http://localhost:8081/test/test.html" "Mozilla/5.0 (Windows NT 10.0; Win64; x64) AppleWebKit/537.36 (KHTML, like Gecko) Chrome/69.0.3497.100 Safari/537.36"
::1 - - [28/Oct/2018:23:52:34 +0000] "GET /test/test/test.js HTTP/1.1" 404 156 "http://localhost:8081/test/test.html" "Mozilla/5.0 (Windows NT 10.0; Win64; x64) AppleWebKit/537.36 (KHTML, like Gecko) Chrome/69.0.3497.100 Safari/537.36"
::1 - - [28/Oct/2018:23:52:34 +0000] "GET /test/js/calc.js HTTP/1.1" 404 154 "http://localhost:8081/test/test.html" "Mozilla/5.0 (Windows NT 10.0; Win64; x64) AppleWebKit/537.36 (KHTML, like Gecko) Chrome/69.0.3497.100 Safari/537.36"
::1 - - [28/Oct/2018:23:52:34 +0000] "GET /test/test/test.js HTTP/1.1" 404 156 "http://localhost:8081/test/test.html" "Mozilla/5.0 (Windows NT 10.0; Win64; x64) AppleWebKit/537.36 (KHTML, like Gecko) Chrome/69.0.3497.100 Safari/537.36"
::1 - - [28/Oct/2018:23:54:50 +0000] "GET /AreaOfRec HTTP/1.1" 304 - "http://localhost:8081/AreaOfRec" "Mozilla/5.0 (Windows NT 10.0; Win64; x64) AppleWebKit/537.36 (KHTML, like Gecko) Chrome/69.0.3497.100 Safari/537.36"
::1 - - [28/Oct/2018:23:54:50 +0000] "GET /js/test.js HTTP/1.1" 404 149 "http://localhost:8081/AreaOfRec" "Mozilla/5.0 (Windows NT 10.0; Win64; x64) AppleWebKit/537.36 (KHTML, like Gecko) Chrome/69.0.3497.100 Safari/537.36"
::1 - - [28/Oct/2018:23:54:52 +0000] "GET /test/test/test.js HTTP/1.1" 404 156 "http://localhost:8081/test/test.html" "Mozilla/5.0 (Windows NT 10.0; Win64; x64) AppleWebKit/537.36 (KHTML, like Gecko) Chrome/69.0.3497.100 Safari/537.36"
::1 - - [28/Oct/2018:23:54:52 +0000] "GET /test/js/calc.js HTTP/1.1" 404 154 "http://localhost:8081/test/test.html" "Mozilla/5.0 (Windows NT 10.0; Win64; x64) AppleWebKit/537.36 (KHTML, like Gecko) Chrome/69.0.3497.100 Safari/537.36"
::1 - - [28/Oct/2018:23:54:52 +0000] "GET /test/js/calc.js HTTP/1.1" 404 154 "http://localhost:8081/test/test.html" "Mozilla/5.0 (Windows NT 10.0; Win64; x64) AppleWebKit/537.36 (KHTML, like Gecko) Chrome/69.0.3497.100 Safari/537.36"
::1 - - [28/Oct/2018:23:54:52 +0000] "GET /test/test/test.js HTTP/1.1" 404 156 "http://localhost:8081/test/test.html" "Mozilla/5.0 (Windows NT 10.0; Win64; x64) AppleWebKit/537.36 (KHTML, like Gecko) Chrome/69.0.3497.100 Safari/537.36"
::1 - - [28/Oct/2018:23:55:07 +0000] "GET /test/js/calc.js HTTP/1.1" 404 154 "http://localhost:8081/test/test.html" "Mozilla/5.0 (Windows NT 10.0; Win64; x64) AppleWebKit/537.36 (KHTML, like Gecko) Chrome/69.0.3497.100 Safari/537.36"
::1 - - [28/Oct/2018:23:55:07 +0000] "GET /test/test/test.js HTTP/1.1" 404 156 "http://localhost:8081/test/test.html" "Mozilla/5.0 (Windows NT 10.0; Win64; x64) AppleWebKit/537.36 (KHTML, like Gecko) Chrome/69.0.3497.100 Safari/537.36"
::1 - - [28/Oct/2018:23:55:07 +0000] "GET /test/js/calc.js HTTP/1.1" 404 154 "http://localhost:8081/test/test.html" "Mozilla/5.0 (Windows NT 10.0; Win64; x64) AppleWebKit/537.36 (KHTML, like Gecko) Chrome/69.0.3497.100 Safari/537.36"
::1 - - [28/Oct/2018:23:55:07 +0000] "GET /test/test/test.js HTTP/1.1" 404 156 "http://localhost:8081/test/test.html" "Mozilla/5.0 (Windows NT 10.0; Win64; x64) AppleWebKit/537.36 (KHTML, like Gecko) Chrome/69.0.3497.100 Safari/537.36"
::1 - - [29/Oct/2018:00:01:58 +0000] "GET /AreaOfRec HTTP/1.1" 304 - "http://localhost:8081/contact" "Mozilla/5.0 (Windows NT 10.0; Win64; x64) AppleWebKit/537.36 (KHTML, like Gecko) Chrome/69.0.3497.100 Safari/537.36"
::1 - - [29/Oct/2018:00:01:58 +0000] "GET /js/test.js HTTP/1.1" 404 149 "http://localhost:8081/AreaOfRec" "Mozilla/5.0 (Windows NT 10.0; Win64; x64) AppleWebKit/537.36 (KHTML, like Gecko) Chrome/69.0.3497.100 Safari/537.36"
::1 - - [29/Oct/2018:00:01:58 +0000] "GET /js/test.js HTTP/1.1" 404 149 "http://localhost:8081/AreaOfRec" "Mozilla/5.0 (Windows NT 10.0; Win64; x64) AppleWebKit/537.36 (KHTML, like Gecko) Chrome/69.0.3497.100 Safari/537.36"
::1 - - [29/Oct/2018:00:02:01 +0000] "GET /test/js/calc.js HTTP/1.1" 404 154 "http://localhost:8081/test/test.html" "Mozilla/5.0 (Windows NT 10.0; Win64; x64) AppleWebKit/537.36 (KHTML, like Gecko) Chrome/69.0.3497.100 Safari/537.36"
::1 - - [29/Oct/2018:00:02:01 +0000] "GET /test/test/test.js HTTP/1.1" 404 156 "http://localhost:8081/test/test.html" "Mozilla/5.0 (Windows NT 10.0; Win64; x64) AppleWebKit/537.36 (KHTML, like Gecko) Chrome/69.0.3497.100 Safari/537.36"
::1 - - [29/Oct/2018:00:02:01 +0000] "GET /test/js/calc.js HTTP/1.1" 404 154 "http://localhost:8081/test/test.html" "Mozilla/5.0 (Windows NT 10.0; Win64; x64) AppleWebKit/537.36 (KHTML, like Gecko) Chrome/69.0.3497.100 Safari/537.36"
::1 - - [29/Oct/2018:00:02:01 +0000] "GET /test/test/test.js HTTP/1.1" 404 156 "http://localhost:8081/test/test.html" "Mozilla/5.0 (Windows NT 10.0; Win64; x64) AppleWebKit/537.36 (KHTML, like Gecko) Chrome/69.0.3497.100 Safari/537.36"
::1 - - [29/Oct/2018:00:03:40 +0000] "GET /test/js/calc.js HTTP/1.1" 404 154 "http://localhost:8081/test/test.html" "Mozilla/5.0 (Windows NT 10.0; Win64; x64) AppleWebKit/537.36 (KHTML, like Gecko) Chrome/69.0.3497.100 Safari/537.36"
::1 - - [29/Oct/2018:00:03:40 +0000] "GET /test/test/test.js HTTP/1.1" 404 156 "http://localhost:8081/test/test.html" "Mozilla/5.0 (Windows NT 10.0; Win64; x64) AppleWebKit/537.36 (KHTML, like Gecko) Chrome/69.0.3497.100 Safari/537.36"
::1 - - [29/Oct/2018:00:03:40 +0000] "GET /test/js/calc.js HTTP/1.1" 404 154 "http://localhost:8081/test/test.html" "Mozilla/5.0 (Windows NT 10.0; Win64; x64) AppleWebKit/537.36 (KHTML, like Gecko) Chrome/69.0.3497.100 Safari/537.36"
::1 - - [29/Oct/2018:00:03:40 +0000] "GET /test/test/test.js HTTP/1.1" 404 156 "http://localhost:8081/test/test.html" "Mozilla/5.0 (Windows NT 10.0; Win64; x64) AppleWebKit/537.36 (KHTML, like Gecko) Chrome/69.0.3497.100 Safari/537.36"
::1 - - [29/Oct/2018:00:04:25 +0000] "GET / HTTP/1.1" 304 - "-" "Mozilla/5.0 (Windows NT 10.0; Win64; x64) AppleWebKit/537.36 (KHTML, like Gecko) Chrome/69.0.3497.100 Safari/537.36"
::1 - - [29/Oct/2018:00:04:27 +0000] "GET /AreaOfRec HTTP/1.1" 304 - "http://localhost:8081/" "Mozilla/5.0 (Windows NT 10.0; Win64; x64) AppleWebKit/537.36 (KHTML, like Gecko) Chrome/69.0.3497.100 Safari/537.36"
::1 - - [29/Oct/2018:00:04:27 +0000] "GET /js/test.js HTTP/1.1" 404 149 "http://localhost:8081/AreaOfRec" "Mozilla/5.0 (Windows NT 10.0; Win64; x64) AppleWebKit/537.36 (KHTML, like Gecko) Chrome/69.0.3497.100 Safari/537.36"
::1 - - [29/Oct/2018:00:04:27 +0000] "GET /js/test.js HTTP/1.1" 404 149 "http://localhost:8081/AreaOfRec" "Mozilla/5.0 (Windows NT 10.0; Win64; x64) AppleWebKit/537.36 (KHTML, like Gecko) Chrome/69.0.3497.100 Safari/537.36"
::1 - - [29/Oct/2018:00:04:29 +0000] "GET /test/js/calc.js HTTP/1.1" 404 154 "http://localhost:8081/test/test.html" "Mozilla/5.0 (Windows NT 10.0; Win64; x64) AppleWebKit/537.36 (KHTML, like Gecko) Chrome/69.0.3497.100 Safari/537.36"
::1 - - [29/Oct/2018:00:04:29 +0000] "GET /test/test/test.js HTTP/1.1" 404 156 "http://localhost:8081/test/test.html" "Mozilla/5.0 (Windows NT 10.0; Win64; x64) AppleWebKit/537.36 (KHTML, like Gecko) Chrome/69.0.3497.100 Safari/537.36"
::1 - - [29/Oct/2018:00:04:29 +0000] "GET /test/js/calc.js HTTP/1.1" 404 154 "http://localhost:8081/test/test.html" "Mozilla/5.0 (Windows NT 10.0; Win64; x64) AppleWebKit/537.36 (KHTML, like Gecko) Chrome/69.0.3497.100 Safari/537.36"
::1 - - [29/Oct/2018:00:04:29 +0000] "GET /test/test/test.js HTTP/1.1" 404 156 "http://localhost:8081/test/test.html" "Mozilla/5.0 (Windows NT 10.0; Win64; x64) AppleWebKit/537.36 (KHTML, like Gecko) Chrome/69.0.3497.100 Safari/537.36"
::1 - - [29/Oct/2018:00:04:35 +0000] "GET /test/js/calc.js HTTP/1.1" 404 154 "http://localhost:8081/test/test.html" "Mozilla/5.0 (Windows NT 10.0; Win64; x64) AppleWebKit/537.36 (KHTML, like Gecko) Chrome/69.0.3497.100 Safari/537.36"
::1 - - [29/Oct/2018:00:04:35 +0000] "GET /test/test/test.js HTTP/1.1" 404 156 "http://localhost:8081/test/test.html" "Mozilla/5.0 (Windows NT 10.0; Win64; x64) AppleWebKit/537.36 (KHTML, like Gecko) Chrome/69.0.3497.100 Safari/537.36"
::1 - - [29/Oct/2018:00:04:35 +0000] "GET /test/js/calc.js HTTP/1.1" 404 154 "http://localhost:8081/test/test.html" "Mozilla/5.0 (Windows NT 10.0; Win64; x64) AppleWebKit/537.36 (KHTML, like Gecko) Chrome/69.0.3497.100 Safari/537.36"
::1 - - [29/Oct/2018:00:04:35 +0000] "GET /test/test/test.js HTTP/1.1" 404 156 "http://localhost:8081/test/test.html" "Mozilla/5.0 (Windows NT 10.0; Win64; x64) AppleWebKit/537.36 (KHTML, like Gecko) Chrome/69.0.3497.100 Safari/537.36"
::1 - - [29/Oct/2018:00:09:07 +0000] "GET /test/js/calc.js HTTP/1.1" 404 154 "http://localhost:8081/test/test.html" "Mozilla/5.0 (Windows NT 10.0; Win64; x64) AppleWebKit/537.36 (KHTML, like Gecko) Chrome/69.0.3497.100 Safari/537.36"
::1 - - [29/Oct/2018:00:09:07 +0000] "GET /test/test/test.js HTTP/1.1" 404 156 "http://localhost:8081/test/test.html" "Mozilla/5.0 (Windows NT 10.0; Win64; x64) AppleWebKit/537.36 (KHTML, like Gecko) Chrome/69.0.3497.100 Safari/537.36"
::1 - - [29/Oct/2018:00:09:07 +0000] "GET /test/js/calc.js HTTP/1.1" 404 154 "http://localhost:8081/test/test.html" "Mozilla/5.0 (Windows NT 10.0; Win64; x64) AppleWebKit/537.36 (KHTML, like Gecko) Chrome/69.0.3497.100 Safari/537.36"
::1 - - [29/Oct/2018:00:09:07 +0000] "GET /test/test/test.js HTTP/1.1" 404 156 "http://localhost:8081/test/test.html" "Mozilla/5.0 (Windows NT 10.0; Win64; x64) AppleWebKit/537.36 (KHTML, like Gecko) Chrome/69.0.3497.100 Safari/537.36"
::1 - - [29/Oct/2018:00:10:01 +0000] "GET /AreaOfRec HTTP/1.1" 200 1570 "-" "Mozilla/5.0 (Windows NT 10.0; Win64; x64) AppleWebKit/537.36 (KHTML, like Gecko) Chrome/69.0.3497.100 Safari/537.36"
::1 - - [29/Oct/2018:00:10:10 +0000] "GET /test/js/calc.js HTTP/1.1" 404 154 "http://localhost:8081/test/test.html" "Mozilla/5.0 (Windows NT 10.0; Win64; x64) AppleWebKit/537.36 (KHTML, like Gecko) Chrome/69.0.3497.100 Safari/537.36"
::1 - - [29/Oct/2018:00:10:10 +0000] "GET /test/test/test.js HTTP/1.1" 404 156 "http://localhost:8081/test/test.html" "Mozilla/5.0 (Windows NT 10.0; Win64; x64) AppleWebKit/537.36 (KHTML, like Gecko) Chrome/69.0.3497.100 Safari/537.36"
::1 - - [29/Oct/2018:00:10:10 +0000] "GET /test/js/calc.js HTTP/1.1" 404 154 "http://localhost:8081/test/test.html" "Mozilla/5.0 (Windows NT 10.0; Win64; x64) AppleWebKit/537.36 (KHTML, like Gecko) Chrome/69.0.3497.100 Safari/537.36"
::1 - - [29/Oct/2018:00:10:10 +0000] "GET /test/test/test.js HTTP/1.1" 404 156 "http://localhost:8081/test/test.html" "Mozilla/5.0 (Windows NT 10.0; Win64; x64) AppleWebKit/537.36 (KHTML, like Gecko) Chrome/69.0.3497.100 Safari/537.36"
::1 - - [29/Oct/2018:00:10:17 +0000] "GET /test/js/calc.js HTTP/1.1" 404 154 "http://localhost:8081/test/test.html" "Mozilla/5.0 (Windows NT 10.0; Win64; x64) AppleWebKit/537.36 (KHTML, like Gecko) Chrome/69.0.3497.100 Safari/537.36"
::1 - - [29/Oct/2018:00:10:17 +0000] "GET /test/test/test.js HTTP/1.1" 404 156 "http://localhost:8081/test/test.html" "Mozilla/5.0 (Windows NT 10.0; Win64; x64) AppleWebKit/537.36 (KHTML, like Gecko) Chrome/69.0.3497.100 Safari/537.36"
::1 - - [29/Oct/2018:00:10:17 +0000] "GET /test/js/calc.js HTTP/1.1" 404 154 "http://localhost:8081/test/test.html" "Mozilla/5.0 (Windows NT 10.0; Win64; x64) AppleWebKit/537.36 (KHTML, like Gecko) Chrome/69.0.3497.100 Safari/537.36"
::1 - - [29/Oct/2018:00:10:17 +0000] "GET /test/test/test.js HTTP/1.1" 404 156 "http://localhost:8081/test/test.html" "Mozilla/5.0 (Windows NT 10.0; Win64; x64) AppleWebKit/537.36 (KHTML, like Gecko) Chrome/69.0.3497.100 Safari/537.36"
::1 - - [29/Oct/2018:00:12:22 +0000] "GET /test/calc.js HTTP/1.1" 404 151 "http://localhost:8081/test/test.html" "Mozilla/5.0 (Windows NT 10.0; Win64; x64) AppleWebKit/537.36 (KHTML, like Gecko) Chrome/69.0.3497.100 Safari/537.36"
::1 - - [29/Oct/2018:00:12:23 +0000] "GET /test/calc.js HTTP/1.1" 404 151 "http://localhost:8081/test/test.html" "Mozilla/5.0 (Windows NT 10.0; Win64; x64) AppleWebKit/537.36 (KHTML, like Gecko) Chrome/69.0.3497.100 Safari/537.36"
::1 - - [29/Oct/2018:00:12:40 +0000] "GET /test/calc.js HTTP/1.1" 404 151 "http://localhost:8081/test/test.html" "Mozilla/5.0 (Windows NT 10.0; Win64; x64) AppleWebKit/537.36 (KHTML, like Gecko) Chrome/69.0.3497.100 Safari/537.36"
::1 - - [29/Oct/2018:00:12:40 +0000] "GET /test/calc.js HTTP/1.1" 404 151 "http://localhost:8081/test/test.html" "Mozilla/5.0 (Windows NT 10.0; Win64; x64) AppleWebKit/537.36 (KHTML, like Gecko) Chrome/69.0.3497.100 Safari/537.36"
::1 - - [29/Oct/2018:00:13:39 +0000] "GET /test/js/calc.js HTTP/1.1" 404 154 "http://localhost:8081/test/test.html" "Mozilla/5.0 (Windows NT 10.0; Win64; x64) AppleWebKit/537.36 (KHTML, like Gecko) Chrome/69.0.3497.100 Safari/537.36"
::1 - - [29/Oct/2018:00:13:39 +0000] "GET /test/js/calc.js HTTP/1.1" 404 154 "http://localhost:8081/test/test.html" "Mozilla/5.0 (Windows NT 10.0; Win64; x64) AppleWebKit/537.36 (KHTML, like Gecko) Chrome/69.0.3497.100 Safari/537.36"
::1 - - [29/Oct/2018:00:15:24 +0000] "GET /test/js/calc.js HTTP/1.1" 404 154 "http://localhost:8081/test/test.html" "Mozilla/5.0 (Windows NT 10.0; Win64; x64) AppleWebKit/537.36 (KHTML, like Gecko) Chrome/69.0.3497.100 Safari/537.36"
::1 - - [29/Oct/2018:00:15:24 +0000] "GET /test/js/calc.js HTTP/1.1" 404 154 "http://localhost:8081/test/test.html" "Mozilla/5.0 (Windows NT 10.0; Win64; x64) AppleWebKit/537.36 (KHTML, like Gecko) Chrome/69.0.3497.100 Safari/537.36"
::1 - - [29/Oct/2018:00:18:18 +0000] "GET /AreaOfRec HTTP/1.1" 304 - "http://localhost:8081/AreaOfRec" "Mozilla/5.0 (Windows NT 10.0; Win64; x64) AppleWebKit/537.36 (KHTML, like Gecko) Chrome/69.0.3497.100 Safari/537.36"
::1 - - [29/Oct/2018:00:18:18 +0000] "GET /js/calc.js HTTP/1.1" 404 149 "http://localhost:8081/AreaOfRec" "Mozilla/5.0 (Windows NT 10.0; Win64; x64) AppleWebKit/537.36 (KHTML, like Gecko) Chrome/69.0.3497.100 Safari/537.36"
::1 - - [29/Oct/2018:00:18:18 +0000] "GET /js/calc.js HTTP/1.1" 404 149 "http://localhost:8081/AreaOfRec" "Mozilla/5.0 (Windows NT 10.0; Win64; x64) AppleWebKit/537.36 (KHTML, like Gecko) Chrome/69.0.3497.100 Safari/537.36"
::1 - - [29/Oct/2018:00:18:47 +0000] "GET /AreaOfRec HTTP/1.1" 304 - "-" "Mozilla/5.0 (Windows NT 10.0; Win64; x64) AppleWebKit/537.36 (KHTML, like Gecko) Chrome/69.0.3497.100 Safari/537.36"
::1 - - [29/Oct/2018:00:18:47 +0000] "GET /js/calc.js HTTP/1.1" 404 149 "http://localhost:8081/AreaOfRec" "Mozilla/5.0 (Windows NT 10.0; Win64; x64) AppleWebKit/537.36 (KHTML, like Gecko) Chrome/69.0.3497.100 Safari/537.36"
::1 - - [29/Oct/2018:00:18:47 +0000] "GET /js/calc.js HTTP/1.1" 404 149 "http://localhost:8081/AreaOfRec" "Mozilla/5.0 (Windows NT 10.0; Win64; x64) AppleWebKit/537.36 (KHTML, like Gecko) Chrome/69.0.3497.100 Safari/537.36"
::1 - - [29/Oct/2018:00:18:48 +0000] "GET /AreaOfRec HTTP/1.1" 304 - "http://localhost:8081/AreaOfRec" "Mozilla/5.0 (Windows NT 10.0; Win64; x64) AppleWebKit/537.36 (KHTML, like Gecko) Chrome/69.0.3497.100 Safari/537.36"
::1 - - [29/Oct/2018:00:18:48 +0000] "GET /js/calc.js HTTP/1.1" 404 149 "http://localhost:8081/AreaOfRec" "Mozilla/5.0 (Windows NT 10.0; Win64; x64) AppleWebKit/537.36 (KHTML, like Gecko) Chrome/69.0.3497.100 Safari/537.36"
::1 - - [29/Oct/2018:00:18:48 +0000] "GET /js/calc.js HTTP/1.1" 404 149 "http://localhost:8081/AreaOfRec" "Mozilla/5.0 (Windows NT 10.0; Win64; x64) AppleWebKit/537.36 (KHTML, like Gecko) Chrome/69.0.3497.100 Safari/537.36"
::1 - - [29/Oct/2018:00:20:17 +0000] "GET /AreaOfRec HTTP/1.1" 200 1572 "-" "Mozilla/5.0 (Windows NT 10.0; Win64; x64) AppleWebKit/537.36 (KHTML, like Gecko) Chrome/69.0.3497.100 Safari/537.36"
